May 28 14:57:02 localhost sendemail[1093020]: Email was sent successfully!  From: <team7261737465@aol.com> To: <team7261737465@gmail.com> Subject: [runner.sh at 24-05-28_19_57_00_UTC] Server: [smtp.aol.com:587]
Jun 01 21:56:00 localhost sendemail[2527701]: Email was sent successfully!  From: <team7261737465@aol.com> To: <team7261737465@gmail.com> Subject: [runner.sh at 24-06-02_02_55_57_UTC] Server: [smtp.aol.com:587]
Jun 01 21:57:55 localhost sendemail[2528188]: ERROR => You must specify at least one recipient via -t, -cc, or -bcc
Jun 01 21:59:05 localhost sendemail[2528427]: Email was sent successfully!  From: <team7261737465@aol.com> To: <team7261737465@gmail.com> Subject: [bb-dev - workflow1/24-06-01_20_49_18_UTC] Server: [smtp.aol.com:587]
Jun 01 22:03:55 localhost sendemail[2529671]: Email was sent successfully!  From: <team7261737465@aol.com> To: <team7261737465@gmail.com> Subject: [bb-dev - workflow1/24-06-01_20_49_18_UTC] Server: [smtp.aol.com:587]
Jun 01 22:09:50 localhost sendemail[2532025]: Email was sent successfully!  From: <team7261737465@aol.com> To: <team7261737465@gmail.com> Subject: [bb-dev - workflow1/24-06-02_03_07_40_UTC] Server: [smtp.aol.com:587]
Jun 01 22:18:05 localhost sendemail[2534989]: Email was sent successfully!  From: <team7261737465@aol.com> To: <team7261737465@gmail.com> Subject: [bb-dev - workflow1/24-06-02_03_16_12_UTC] Server: [smtp.aol.com:587]
Jun 01 23:04:50 localhost sendemail[2545487]: Email was sent successfully!  From: <team7261737465@aol.com> To: <team7261737465@gmail.com> Subject: [bb-dev - workflow1/24-06-02_03_18_28_UTC] Server: [smtp.aol.com:587]
Jun 01 23:53:21 localhost sendemail[2556358]: Email was sent successfully!  From: <team7261737465@aol.com> To: <team7261737465@gmail.com> Subject: [bb-dev - workflow1/24-06-02_04_07_31_UTC] Server: [smtp.aol.com:587]
Jun 02 01:45:21 localhost sendemail[2583103]: Email was sent successfully!  From: <team7261737465@aol.com> To: <team7261737465@gmail.com> Subject: [bb-dev - workflow1/24-06-02_05_58_30_UTC] Server: [smtp.aol.com:587]
Jun 02 07:34:14 localhost sendemail[2653740]: Email was sent successfully!  From: <team7261737465@aol.com> To: <team7261737465@gmail.com> Subject: [bb-dev - workflow1/24-06-02_11_47_46_UTC] Server: [smtp.aol.com:587]
Jun 02 09:07:50 localhost sendemail[2674036]: Email was sent successfully!  From: <team7261737465@aol.com> To: <team7261737465@gmail.com> Subject: [bb-dev - workflow1/24-06-02_13_39_11_UTC] Server: [smtp.aol.com:587]
Jun 02 09:57:20 localhost sendemail[2694711]: Email was sent successfully!  From: <team7261737465@aol.com> To: <team7261737465@gmail.com> Subject: [bb-dev - workflow1/24-06-02_14_11_53_UTC] Server: [smtp.aol.com:587]
Jun 02 14:48:16 localhost sendemail[2810614]: Email was sent successfully!  From: <team7261737465@aol.com> To: <team7261737465@gmail.com> Subject: [bb-dev - workflow1/24-06-02_19_01_41_UTC] Server: [smtp.aol.com:587]
Jun 02 19:47:03 localhost sendemail[2881033]: Email was sent successfully!  From: <team7261737465@aol.com> To: <team7261737465@gmail.com> Subject: [bb-dev - workflow1/24-06-03_00_00_43_UTC] Server: [smtp.aol.com:587]
Jun 07 07:19:57 localhost sendemail[20614]: Email was sent successfully!  From: <team7261737465@aol.com> To: <team7261737465@gmail.com> Subject: [bb-dev - workflow1/24-06-07_11_31_30_UTC] Server: [smtp.aol.com:587]
Jun 07 08:32:44 localhost sendemail[36298]: Email was sent successfully!  From: <team7261737465@aol.com> To: <team7261737465@gmail.com> Subject: [bb-dev - workflow1/24-06-07_12_44_33_UTC] Server: [smtp.aol.com:587]
Jun 07 13:59:01 localhost sendemail[103214]: EXITING: Received SIGINT
Jun 10 00:12:14 localhost sendemail[811381]: Email was sent successfully!  From: <team7261737465@aol.com> To: <team7261737465@gmail.com> Subject: [bb-dev - workflow1/24-06-10_05_12_11_UTC] Server: [smtp.aol.com:587]
Jun 10 00:16:11 localhost sendemail[812304]: Email was sent successfully!  From: <team7261737465@aol.com> To: <team7261737465@gmail.com> Subject: [bb-dev - workflow1/24-06-10_05_16_05_UTC] Server: [smtp.aol.com:587]
Jun 10 00:16:15 localhost sendemail[812408]: ERROR => Message body file specified [/home/raste/dev/bb-dev/outputs/workflow1/24-06-10_05_16_15_UTC/notify_urls_test.txt] does not exist!
Jun 10 00:20:07 localhost sendemail[813297]: Email was sent successfully!  From: <team7261737465@aol.com> To: <team7261737465@gmail.com> Subject: [bb-dev - workflow1/24-06-10_05_20_04_UTC] Server: [smtp.aol.com:587]
Jun 10 01:05:47 localhost sendemail[823920]: Email was sent successfully!  From: <team7261737465@aol.com> To: <team7261737465@gmail.com> Subject: [bb-dev - workflow1/24-06-10_05_23_17_UTC] Server: [smtp.aol.com:587]
Jun 10 01:40:38 localhost sendemail[832276]: Email was sent successfully!  From: <team7261737465@aol.com> To: <team7261737465@gmail.com> Subject: [bb-dev - workflow1/24-06-10_06_40_35_UTC] Server: [smtp.aol.com:587]
Jun 26 17:22:10 localhost sendemail[1516566]: Email was sent successfully!  From: <team7261737465@aol.com> To: <team7261737465@gmail.com> Subject: [bb-dev - workflow2/24-06-26_22_13_05_UTC] Server: [smtp.aol.com:587]
Jun 26 18:06:11 localhost sendemail[1526571]: Email was sent successfully!  From: <team7261737465@aol.com> To: <team7261737465@gmail.com> Subject: [bb-dev - workflow2/24-06-26_22_58_11_UTC] Server: [smtp.aol.com:587]
Jun 26 18:14:33 localhost sendemail[1528406]: Email was sent successfully!  From: <team7261737465@aol.com> To: <team7261737465@gmail.com> Subject: [bb-dev - workflow2/24-06-26_23_06_36_UTC] Server: [smtp.aol.com:587]
